This is pdfTeX, Version 3.14159265-2.6-1.40.18 (MiKTeX 2.9.6500 64-bit) (preloaded format=pdflatex 2017.12.22)  16 JUL 2019 20:28
entering extended mode
**./Glanz-JSM2019.tex
(Glanz-JSM2019.tex
LaTeX2e <2017-04-15>
Babel <3.15> and hyphenation patterns for 75 language(s) loaded.
(C:\Users\Hunter\AppData\Roaming\MiKTeX\2.9\tex\latex\beamer\beamer.cls
Document Class: beamer 2017/12/24 v3.48 A class for typesetting presentations

(C:\Users\Hunter\AppData\Roaming\MiKTeX\2.9\tex\latex\beamer\beamerbasemodes.st
y (C:\Users\Hunter\AppData\Roaming\MiKTeX\2.9\tex\latex\etoolbox\etoolbox.sty
Package: etoolbox 2017/11/22 v2.5 e-TeX tools for LaTeX (JAW)
\etb@tempcnta=\count79
)
\beamer@tempbox=\box26
\beamer@tempcount=\count80
\c@beamerpauses=\count81

(C:\Users\Hunter\AppData\Roaming\MiKTeX\2.9\tex\latex\beamer\beamerbasedecode.s
ty
\beamer@slideinframe=\count82
\beamer@minimum=\count83
)
\beamer@commentbox=\box27
\beamer@modecount=\count84
) ("F:\Program Files\MiKTeX 2.9\tex\generic\oberdiek\ifpdf.sty"
Package: ifpdf 2017/03/15 v3.2 Provides the ifpdf switch
)
\headdp=\dimen102
\footheight=\dimen103
\sidebarheight=\dimen104
\beamer@tempdim=\dimen105
\beamer@finalheight=\dimen106
\beamer@animht=\dimen107
\beamer@animdp=\dimen108
\beamer@animwd=\dimen109
\beamer@leftmargin=\dimen110
\beamer@rightmargin=\dimen111
\beamer@leftsidebar=\dimen112
\beamer@rightsidebar=\dimen113
\beamer@boxsize=\dimen114
\beamer@vboxoffset=\dimen115
\beamer@descdefault=\dimen116
\beamer@descriptionwidth=\dimen117
\beamer@lastskip=\skip41
\beamer@areabox=\box28
\beamer@animcurrent=\box29
\beamer@animshowbox=\box30
\beamer@sectionbox=\box31
\beamer@logobox=\box32
\beamer@linebox=\box33
\beamer@sectioncount=\count85
\beamer@subsubsectionmax=\count86
\beamer@subsectionmax=\count87
\beamer@sectionmax=\count88
\beamer@totalheads=\count89
\beamer@headcounter=\count90
\beamer@partstartpage=\count91
\beamer@sectionstartpage=\count92
\beamer@subsectionstartpage=\count93
\beamer@animationtempa=\count94
\beamer@animationtempb=\count95
\beamer@xpos=\count96
\beamer@ypos=\count97
\beamer@ypos@offset=\count98
\beamer@showpartnumber=\count99
\beamer@currentsubsection=\count100
\beamer@coveringdepth=\count101
\beamer@sectionadjust=\count102
\beamer@tocsectionnumber=\count103

(C:\Users\Hunter\AppData\Roaming\MiKTeX\2.9\tex\latex\beamer\beamerbaseoptions.
sty ("F:\Program Files\MiKTeX 2.9\tex\latex\graphics\keyval.sty"
Package: keyval 2014/10/28 v1.15 key=value parser (DPC)
\KV@toks@=\toks14
))
\beamer@paperwidth=\skip42
\beamer@paperheight=\skip43

("F:\Program Files\MiKTeX 2.9\tex\latex\geometry\geometry.sty"
Package: geometry 2010/09/12 v5.6 Page Geometry

("F:\Program Files\MiKTeX 2.9\tex\generic\oberdiek\ifvtex.sty"
Package: ifvtex 2016/05/16 v1.6 Detect VTeX and its facilities (HO)
Package ifvtex Info: VTeX not detected.
)
("F:\Program Files\MiKTeX 2.9\tex\generic\ifxetex\ifxetex.sty"
Package: ifxetex 2010/09/12 v0.6 Provides ifxetex conditional
)
\Gm@cnth=\count104
\Gm@cntv=\count105
\c@Gm@tempcnt=\count106
\Gm@bindingoffset=\dimen118
\Gm@wd@mp=\dimen119
\Gm@odd@mp=\dimen120
\Gm@even@mp=\dimen121
\Gm@layoutwidth=\dimen122
\Gm@layoutheight=\dimen123
\Gm@layouthoffset=\dimen124
\Gm@layoutvoffset=\dimen125
\Gm@dimlist=\toks15

("F:\Program Files\MiKTeX 2.9\tex\latex\geometry\geometry.cfg"))
("F:\Program Files\MiKTeX 2.9\tex\latex\base\size11.clo"
File: size11.clo 2014/09/29 v1.4h Standard LaTeX file (size option)
)
(C:\Users\Hunter\AppData\Roaming\MiKTeX\2.9\tex\latex\pgf\basiclayer\pgfcore.st
y ("F:\Program Files\MiKTeX 2.9\tex\latex\graphics\graphicx.sty"
Package: graphicx 2017/06/01 v1.1a Enhanced LaTeX Graphics (DPC,SPQR)

("F:\Program Files\MiKTeX 2.9\tex\latex\graphics\graphics.sty"
Package: graphics 2017/06/25 v1.2c Standard LaTeX Graphics (DPC,SPQR)

("F:\Program Files\MiKTeX 2.9\tex\latex\graphics\trig.sty"
Package: trig 2016/01/03 v1.10 sin cos tan (DPC)
)
("F:\Program Files\MiKTeX 2.9\tex\latex\graphics-cfg\graphics.cfg"
File: graphics.cfg 2016/06/04 v1.11 sample graphics configuration
)
Package graphics Info: Driver file: pdftex.def on input line 99.

("F:\Program Files\MiKTeX 2.9\tex\latex\graphics-def\pdftex.def"
File: pdftex.def 2017/06/24 v1.0g Graphics/color driver for pdftex
))
\Gin@req@height=\dimen126
\Gin@req@width=\dimen127
)
(C:\Users\Hunter\AppData\Roaming\MiKTeX\2.9\tex\latex\pgf\systemlayer\pgfsys.st
y
(C:\Users\Hunter\AppData\Roaming\MiKTeX\2.9\tex\latex\pgf\utilities\pgfrcs.sty
(C:\Users\Hunter\AppData\Roaming\MiKTeX\2.9\tex\generic\pgf\utilities\pgfutil-c
ommon.tex
\pgfutil@everybye=\toks16
\pgfutil@tempdima=\dimen128
\pgfutil@tempdimb=\dimen129

(C:\Users\Hunter\AppData\Roaming\MiKTeX\2.9\tex\generic\pgf\utilities\pgfutil-c
ommon-lists.tex))
(C:\Users\Hunter\AppData\Roaming\MiKTeX\2.9\tex\generic\pgf\utilities\pgfutil-l
atex.def
\pgfutil@abb=\box34
 (C:\Users\Hunter\AppData\Roaming\MiKTeX\2.9\tex\latex\ms\everyshi.sty
Package: everyshi 2001/05/15 v3.00 EveryShipout Package (MS)
))
(C:\Users\Hunter\AppData\Roaming\MiKTeX\2.9\tex\generic\pgf\utilities\pgfrcs.co
de.tex
Package: pgfrcs 2015/08/07 v3.0.1a (rcs-revision 1.31)
))
(C:\Users\Hunter\AppData\Roaming\MiKTeX\2.9\tex\generic\pgf\systemlayer\pgfsys.
code.tex
Package: pgfsys 2014/07/09 v3.0.1a (rcs-revision 1.48)

(C:\Users\Hunter\AppData\Roaming\MiKTeX\2.9\tex\generic\pgf\utilities\pgfkeys.c
ode.tex
\pgfkeys@pathtoks=\toks17
\pgfkeys@temptoks=\toks18

(C:\Users\Hunter\AppData\Roaming\MiKTeX\2.9\tex\generic\pgf\utilities\pgfkeysfi
ltered.code.tex
\pgfkeys@tmptoks=\toks19
))
\pgf@x=\dimen130
\pgf@y=\dimen131
\pgf@xa=\dimen132
\pgf@ya=\dimen133
\pgf@xb=\dimen134
\pgf@yb=\dimen135
\pgf@xc=\dimen136
\pgf@yc=\dimen137
\w@pgf@writea=\write3
\r@pgf@reada=\read1
\c@pgf@counta=\count107
\c@pgf@countb=\count108
\c@pgf@countc=\count109
\c@pgf@countd=\count110
\t@pgf@toka=\toks20
\t@pgf@tokb=\toks21
\t@pgf@tokc=\toks22

(C:\Users\Hunter\AppData\Roaming\MiKTeX\2.9\tex\generic\pgf\systemlayer\pgf.cfg
File: pgf.cfg 2008/05/14  (rcs-revision 1.7)
)
Driver file for pgf: pgfsys-pdftex.def

(C:\Users\Hunter\AppData\Roaming\MiKTeX\2.9\tex\generic\pgf\systemlayer\pgfsys-
pdftex.def
File: pgfsys-pdftex.def 2014/10/11  (rcs-revision 1.35)

(C:\Users\Hunter\AppData\Roaming\MiKTeX\2.9\tex\generic\pgf\systemlayer\pgfsys-
common-pdf.def
File: pgfsys-common-pdf.def 2013/10/10  (rcs-revision 1.13)
)))
(C:\Users\Hunter\AppData\Roaming\MiKTeX\2.9\tex\generic\pgf\systemlayer\pgfsyss
oftpath.code.tex
File: pgfsyssoftpath.code.tex 2013/09/09  (rcs-revision 1.9)
\pgfsyssoftpath@smallbuffer@items=\count111
\pgfsyssoftpath@bigbuffer@items=\count112
)
(C:\Users\Hunter\AppData\Roaming\MiKTeX\2.9\tex\generic\pgf\systemlayer\pgfsysp
rotocol.code.tex
File: pgfsysprotocol.code.tex 2006/10/16  (rcs-revision 1.4)
))
(C:\Users\Hunter\AppData\Roaming\MiKTeX\2.9\tex\latex\xcolor\xcolor.sty
Package: xcolor 2016/05/11 v2.12 LaTeX color extensions (UK)

("F:\Program Files\MiKTeX 2.9\tex\latex\graphics-cfg\color.cfg"
File: color.cfg 2016/01/02 v1.6 sample color configuration
)
Package xcolor Info: Driver file: pdftex.def on input line 225.
Package xcolor Info: Model `cmy' substituted by `cmy0' on input line 1348.
Package xcolor Info: Model `hsb' substituted by `rgb' on input line 1352.
Package xcolor Info: Model `RGB' extended on input line 1364.
Package xcolor Info: Model `HTML' substituted by `rgb' on input line 1366.
Package xcolor Info: Model `Hsb' substituted by `hsb' on input line 1367.
Package xcolor Info: Model `tHsb' substituted by `hsb' on input line 1368.
Package xcolor Info: Model `HSB' substituted by `hsb' on input line 1369.
Package xcolor Info: Model `Gray' substituted by `gray' on input line 1370.
Package xcolor Info: Model `wave' substituted by `hsb' on input line 1371.

("F:\Program Files\MiKTeX 2.9\tex\latex\graphics\dvipsnam.def"
File: dvipsnam.def 2016/06/17 v3.0m Driver-dependent file (DPC,SPQR)
))
(C:\Users\Hunter\AppData\Roaming\MiKTeX\2.9\tex\generic\pgf\basiclayer\pgfcore.
code.tex
Package: pgfcore 2010/04/11 v3.0.1a (rcs-revision 1.7)

(C:\Users\Hunter\AppData\Roaming\MiKTeX\2.9\tex\generic\pgf\math\pgfmath.code.t
ex
(C:\Users\Hunter\AppData\Roaming\MiKTeX\2.9\tex\generic\pgf\math\pgfmathcalc.co
de.tex
(C:\Users\Hunter\AppData\Roaming\MiKTeX\2.9\tex\generic\pgf\math\pgfmathutil.co
de.tex)
(C:\Users\Hunter\AppData\Roaming\MiKTeX\2.9\tex\generic\pgf\math\pgfmathparser.
code.tex
\pgfmath@dimen=\dimen138
\pgfmath@count=\count113
\pgfmath@box=\box35
\pgfmath@toks=\toks23
\pgfmath@stack@operand=\toks24
\pgfmath@stack@operation=\toks25
)
(C:\Users\Hunter\AppData\Roaming\MiKTeX\2.9\tex\generic\pgf\math\pgfmathfunctio
ns.code.tex
(C:\Users\Hunter\AppData\Roaming\MiKTeX\2.9\tex\generic\pgf\math\pgfmathfunctio
ns.basic.code.tex)
(C:\Users\Hunter\AppData\Roaming\MiKTeX\2.9\tex\generic\pgf\math\pgfmathfunctio
ns.trigonometric.code.tex)
(C:\Users\Hunter\AppData\Roaming\MiKTeX\2.9\tex\generic\pgf\math\pgfmathfunctio
ns.random.code.tex)
(C:\Users\Hunter\AppData\Roaming\MiKTeX\2.9\tex\generic\pgf\math\pgfmathfunctio
ns.comparison.code.tex)
(C:\Users\Hunter\AppData\Roaming\MiKTeX\2.9\tex\generic\pgf\math\pgfmathfunctio
ns.base.code.tex)
(C:\Users\Hunter\AppData\Roaming\MiKTeX\2.9\tex\generic\pgf\math\pgfmathfunctio
ns.round.code.tex)
(C:\Users\Hunter\AppData\Roaming\MiKTeX\2.9\tex\generic\pgf\math\pgfmathfunctio
ns.misc.code.tex)
(C:\Users\Hunter\AppData\Roaming\MiKTeX\2.9\tex\generic\pgf\math\pgfmathfunctio
ns.integerarithmetics.code.tex)))
(C:\Users\Hunter\AppData\Roaming\MiKTeX\2.9\tex\generic\pgf\math\pgfmathfloat.c
ode.tex
\c@pgfmathroundto@lastzeros=\count114
))
(C:\Users\Hunter\AppData\Roaming\MiKTeX\2.9\tex\generic\pgf\basiclayer\pgfcorep
oints.code.tex
File: pgfcorepoints.code.tex 2013/10/07  (rcs-revision 1.27)
\pgf@picminx=\dimen139
\pgf@picmaxx=\dimen140
\pgf@picminy=\dimen141
\pgf@picmaxy=\dimen142
\pgf@pathminx=\dimen143
\pgf@pathmaxx=\dimen144
\pgf@pathminy=\dimen145
\pgf@pathmaxy=\dimen146
\pgf@xx=\dimen147
\pgf@xy=\dimen148
\pgf@yx=\dimen149
\pgf@yy=\dimen150
\pgf@zx=\dimen151
\pgf@zy=\dimen152
)
(C:\Users\Hunter\AppData\Roaming\MiKTeX\2.9\tex\generic\pgf\basiclayer\pgfcorep
athconstruct.code.tex
File: pgfcorepathconstruct.code.tex 2013/10/07  (rcs-revision 1.29)
\pgf@path@lastx=\dimen153
\pgf@path@lasty=\dimen154
)
(C:\Users\Hunter\AppData\Roaming\MiKTeX\2.9\tex\generic\pgf\basiclayer\pgfcorep
athusage.code.tex
File: pgfcorepathusage.code.tex 2014/11/02  (rcs-revision 1.24)
\pgf@shorten@end@additional=\dimen155
\pgf@shorten@start@additional=\dimen156
)
(C:\Users\Hunter\AppData\Roaming\MiKTeX\2.9\tex\generic\pgf\basiclayer\pgfcores
copes.code.tex
File: pgfcorescopes.code.tex 2015/05/08  (rcs-revision 1.46)
\pgfpic=\box36
\pgf@hbox=\box37
\pgf@layerbox@main=\box38
\pgf@picture@serial@count=\count115
)
(C:\Users\Hunter\AppData\Roaming\MiKTeX\2.9\tex\generic\pgf\basiclayer\pgfcoreg
raphicstate.code.tex
File: pgfcoregraphicstate.code.tex 2014/11/02  (rcs-revision 1.12)
\pgflinewidth=\dimen157
)
(C:\Users\Hunter\AppData\Roaming\MiKTeX\2.9\tex\generic\pgf\basiclayer\pgfcoret
ransformations.code.tex
File: pgfcoretransformations.code.tex 2015/08/07  (rcs-revision 1.20)
\pgf@pt@x=\dimen158
\pgf@pt@y=\dimen159
\pgf@pt@temp=\dimen160
)
(C:\Users\Hunter\AppData\Roaming\MiKTeX\2.9\tex\generic\pgf\basiclayer\pgfcoreq
uick.code.tex
File: pgfcorequick.code.tex 2008/10/09  (rcs-revision 1.3)
)
(C:\Users\Hunter\AppData\Roaming\MiKTeX\2.9\tex\generic\pgf\basiclayer\pgfcoreo
bjects.code.tex
File: pgfcoreobjects.code.tex 2006/10/11  (rcs-revision 1.2)
)
(C:\Users\Hunter\AppData\Roaming\MiKTeX\2.9\tex\generic\pgf\basiclayer\pgfcorep
athprocessing.code.tex
File: pgfcorepathprocessing.code.tex 2013/09/09  (rcs-revision 1.9)
)
(C:\Users\Hunter\AppData\Roaming\MiKTeX\2.9\tex\generic\pgf\basiclayer\pgfcorea
rrows.code.tex
File: pgfcorearrows.code.tex 2015/05/14  (rcs-revision 1.43)
\pgfarrowsep=\dimen161
)
(C:\Users\Hunter\AppData\Roaming\MiKTeX\2.9\tex\generic\pgf\basiclayer\pgfcores
hade.code.tex
File: pgfcoreshade.code.tex 2013/07/15  (rcs-revision 1.15)
\pgf@max=\dimen162
\pgf@sys@shading@range@num=\count116
)
(C:\Users\Hunter\AppData\Roaming\MiKTeX\2.9\tex\generic\pgf\basiclayer\pgfcorei
mage.code.tex
File: pgfcoreimage.code.tex 2013/07/15  (rcs-revision 1.18)

(C:\Users\Hunter\AppData\Roaming\MiKTeX\2.9\tex\generic\pgf\basiclayer\pgfcoree
xternal.code.tex
File: pgfcoreexternal.code.tex 2014/07/09  (rcs-revision 1.21)
\pgfexternal@startupbox=\box39
))
(C:\Users\Hunter\AppData\Roaming\MiKTeX\2.9\tex\generic\pgf\basiclayer\pgfcorel
ayers.code.tex
File: pgfcorelayers.code.tex 2013/07/18  (rcs-revision 1.7)
)
(C:\Users\Hunter\AppData\Roaming\MiKTeX\2.9\tex\generic\pgf\basiclayer\pgfcoret
ransparency.code.tex
File: pgfcoretransparency.code.tex 2013/09/30  (rcs-revision 1.5)
)
(C:\Users\Hunter\AppData\Roaming\MiKTeX\2.9\tex\generic\pgf\basiclayer\pgfcorep
atterns.code.tex
File: pgfcorepatterns.code.tex 2013/11/07  (rcs-revision 1.5)
)))
(C:\Users\Hunter\AppData\Roaming\MiKTeX\2.9\tex\latex\pgf\utilities\xxcolor.sty
Package: xxcolor 2003/10/24 ver 0.1
\XC@nummixins=\count117
\XC@countmixins=\count118
) ("F:\Program Files\MiKTeX 2.9\tex\generic\oberdiek\atbegshi.sty"
Package: atbegshi 2016/06/09 v1.18 At begin shipout hook (HO)

("F:\Program Files\MiKTeX 2.9\tex\generic\oberdiek\infwarerr.sty"
Package: infwarerr 2016/05/16 v1.4 Providing info/warning/error messages (HO)
)
("F:\Program Files\MiKTeX 2.9\tex\generic\oberdiek\ltxcmds.sty"
Package: ltxcmds 2016/05/16 v1.23 LaTeX kernel commands for general use (HO)
))
("F:\Program Files\MiKTeX 2.9\tex\latex\hyperref\hyperref.sty"
Package: hyperref 2017/03/14 v6.85a Hypertext links for LaTeX

("F:\Program Files\MiKTeX 2.9\tex\generic\oberdiek\hobsub-hyperref.sty"
Package: hobsub-hyperref 2016/05/16 v1.14 Bundle oberdiek, subset hyperref (HO)


("F:\Program Files\MiKTeX 2.9\tex\generic\oberdiek\hobsub-generic.sty"
Package: hobsub-generic 2016/05/16 v1.14 Bundle oberdiek, subset generic (HO)
Package: hobsub 2016/05/16 v1.14 Construct package bundles (HO)
Package hobsub Info: Skipping package `infwarerr' (already loaded).
Package hobsub Info: Skipping package `ltxcmds' (already loaded).
Package: ifluatex 2016/05/16 v1.4 Provides the ifluatex switch (HO)
Package ifluatex Info: LuaTeX not detected.
Package hobsub Info: Skipping package `ifvtex' (already loaded).
Package: intcalc 2016/05/16 v1.2 Expandable calculations with integers (HO)
Package hobsub Info: Skipping package `ifpdf' (already loaded).
Package: etexcmds 2016/05/16 v1.6 Avoid name clashes with e-TeX commands (HO)
Package etexcmds Info: Could not find \expanded.
(etexcmds)             That can mean that you are not using pdfTeX 1.50 or
(etexcmds)             that some package has redefined \expanded.
(etexcmds)             In the latter case, load this package earlier.
Package: kvsetkeys 2016/05/16 v1.17 Key value parser (HO)
Package: kvdefinekeys 2016/05/16 v1.4 Define keys (HO)
Package: pdftexcmds 2017/03/19 v0.25 Utility functions of pdfTeX for LuaTeX (HO
)
Package pdftexcmds Info: LuaTeX not detected.
Package pdftexcmds Info: \pdf@primitive is available.
Package pdftexcmds Info: \pdf@ifprimitive is available.
Package pdftexcmds Info: \pdfdraftmode found.
Package: pdfescape 2016/05/16 v1.14 Implements pdfTeX's escape features (HO)
Package: bigintcalc 2016/05/16 v1.4 Expandable calculations on big integers (HO
)
Package: bitset 2016/05/16 v1.2 Handle bit-vector datatype (HO)
Package: uniquecounter 2016/05/16 v1.3 Provide unlimited unique counter (HO)
)
Package hobsub Info: Skipping package `hobsub' (already loaded).
Package: letltxmacro 2016/05/16 v1.5 Let assignment for LaTeX macros (HO)
Package: hopatch 2016/05/16 v1.3 Wrapper for package hooks (HO)
Package: xcolor-patch 2016/05/16 xcolor patch
Package: atveryend 2016/05/16 v1.9 Hooks at the very end of document (HO)
Package hobsub Info: Skipping package `atbegshi' (already loaded).
Package: refcount 2016/05/16 v3.5 Data extraction from label references (HO)
Package: hycolor 2016/05/16 v1.8 Color options for hyperref/bookmark (HO)
)
("F:\Program Files\MiKTeX 2.9\tex\latex\oberdiek\auxhook.sty"
Package: auxhook 2016/05/16 v1.4 Hooks for auxiliary files (HO)
)
("F:\Program Files\MiKTeX 2.9\tex\latex\oberdiek\kvoptions.sty"
Package: kvoptions 2016/05/16 v3.12 Key value format for package options (HO)
)
\@linkdim=\dimen163
\Hy@linkcounter=\count119
\Hy@pagecounter=\count120

("F:\Program Files\MiKTeX 2.9\tex\latex\hyperref\pd1enc.def"
File: pd1enc.def 2017/03/14 v6.85a Hyperref: PDFDocEncoding definition (HO)
)
\Hy@SavedSpaceFactor=\count121

("F:\Program Files\MiKTeX 2.9\tex\latex\00miktex\hyperref.cfg"
File: hyperref.cfg 2002/06/06 v1.2 hyperref configuration of TeXLive
)
Package hyperref Info: Option `bookmarks' set `true' on input line 4374.
Package hyperref Info: Option `bookmarksopen' set `true' on input line 4374.
Package hyperref Info: Option `implicit' set `false' on input line 4374.
Package hyperref Info: Hyper figures OFF on input line 4498.
Package hyperref Info: Link nesting OFF on input line 4503.
Package hyperref Info: Hyper index ON on input line 4506.
Package hyperref Info: Plain pages OFF on input line 4513.
Package hyperref Info: Backreferencing OFF on input line 4518.
Package hyperref Info: Implicit mode OFF; no redefinition of LaTeX internals.
Package hyperref Info: Bookmarks ON on input line 4751.
\c@Hy@tempcnt=\count122

(C:\Users\Hunter\AppData\Roaming\MiKTeX\2.9\tex\latex\url\url.sty
\Urlmuskip=\muskip10
Package: url 2013/09/16  ver 3.4  Verb mode for urls, etc.
)
LaTeX Info: Redefining \url on input line 5104.
\XeTeXLinkMargin=\dimen164
\Fld@menulength=\count123
\Field@Width=\dimen165
\Fld@charsize=\dimen166
Package hyperref Info: Hyper figures OFF on input line 6358.
Package hyperref Info: Link nesting OFF on input line 6363.
Package hyperref Info: Hyper index ON on input line 6366.
Package hyperref Info: backreferencing OFF on input line 6373.
Package hyperref Info: Link coloring OFF on input line 6378.
Package hyperref Info: Link coloring with OCG OFF on input line 6383.
Package hyperref Info: PDF/A mode OFF on input line 6388.
LaTeX Info: Redefining \ref on input line 6428.
LaTeX Info: Redefining \pageref on input line 6432.
\Hy@abspage=\count124


Package hyperref Message: Stopped early.

)

Package hyperref Message: Driver (autodetected): hpdftex.

("F:\Program Files\MiKTeX 2.9\tex\latex\hyperref\hpdftex.def"
File: hpdftex.def 2017/03/14 v6.85a Hyperref driver for pdfTeX
\Fld@listcount=\count125
\c@bookmark@seq@number=\count126

("F:\Program Files\MiKTeX 2.9\tex\latex\oberdiek\rerunfilecheck.sty"
Package: rerunfilecheck 2016/05/16 v1.8 Rerun checks for auxiliary files (HO)
Package uniquecounter Info: New unique counter `rerunfilecheck' on input line 2
82.
))
(C:\Users\Hunter\AppData\Roaming\MiKTeX\2.9\tex\latex\beamer\beamerbaserequires
.sty
(C:\Users\Hunter\AppData\Roaming\MiKTeX\2.9\tex\latex\beamer\beamerbasecompatib
ility.sty)
(C:\Users\Hunter\AppData\Roaming\MiKTeX\2.9\tex\latex\beamer\beamerbasefont.sty
("F:\Program Files\MiKTeX 2.9\tex\latex\amsfonts\amssymb.sty"
Package: amssymb 2013/01/14 v3.01 AMS font symbols

("F:\Program Files\MiKTeX 2.9\tex\latex\amsfonts\amsfonts.sty"
Package: amsfonts 2013/01/14 v3.01 Basic AMSFonts support
\@emptytoks=\toks26
\symAMSa=\mathgroup4
\symAMSb=\mathgroup5
LaTeX Font Info:    Overwriting math alphabet `\mathfrak' in version `bold'
(Font)                  U/euf/m/n --> U/euf/b/n on input line 106.
))
(C:\Users\Hunter\AppData\Roaming\MiKTeX\2.9\tex\latex\sansmathaccent\sansmathac
cent.sty
Package: sansmathaccent 2013/03/28

(C:\Users\Hunter\AppData\Roaming\MiKTeX\2.9\tex\latex\filehook\filehook.sty
Package: filehook 2011/10/12 v0.5d Hooks for input files
)))
(C:\Users\Hunter\AppData\Roaming\MiKTeX\2.9\tex\latex\beamer\beamerbasetranslat
or.sty
(C:\Users\Hunter\AppData\Roaming\MiKTeX\2.9\tex\latex\translator\translator.sty
Package: translator 2018/01/04 v1.12 Easy translation of strings in LaTeX
))
(C:\Users\Hunter\AppData\Roaming\MiKTeX\2.9\tex\latex\beamer\beamerbasemisc.sty
)
(C:\Users\Hunter\AppData\Roaming\MiKTeX\2.9\tex\latex\beamer\beamerbasetwoscree
ns.sty)
(C:\Users\Hunter\AppData\Roaming\MiKTeX\2.9\tex\latex\beamer\beamerbaseoverlay.
sty
\beamer@argscount=\count127
\beamer@lastskipcover=\skip44
\beamer@trivlistdepth=\count128
)
(C:\Users\Hunter\AppData\Roaming\MiKTeX\2.9\tex\latex\beamer\beamerbasetitle.st
y)
(C:\Users\Hunter\AppData\Roaming\MiKTeX\2.9\tex\latex\beamer\beamerbasesection.
sty
\c@lecture=\count129
\c@part=\count130
\c@section=\count131
\c@subsection=\count132
\c@subsubsection=\count133
)
(C:\Users\Hunter\AppData\Roaming\MiKTeX\2.9\tex\latex\beamer\beamerbaseframe.st
y
\beamer@framebox=\box40
\beamer@frametitlebox=\box41
\beamer@zoombox=\box42
\beamer@zoomcount=\count134
\beamer@zoomframecount=\count135
\beamer@frametextheight=\dimen167
\c@subsectionslide=\count136
\beamer@frametopskip=\skip45
\beamer@framebottomskip=\skip46
\beamer@frametopskipautobreak=\skip47
\beamer@framebottomskipautobreak=\skip48
\beamer@envbody=\toks27
\framewidth=\dimen168
\c@framenumber=\count137
)
(C:\Users\Hunter\AppData\Roaming\MiKTeX\2.9\tex\latex\beamer\beamerbaseverbatim
.sty
\beamer@verbatimfileout=\write4
)
(C:\Users\Hunter\AppData\Roaming\MiKTeX\2.9\tex\latex\beamer\beamerbaseframesiz
e.sty
\beamer@splitbox=\box43
\beamer@autobreakcount=\count138
\beamer@autobreaklastheight=\dimen169
\beamer@frametitletoks=\toks28
\beamer@framesubtitletoks=\toks29
)
(C:\Users\Hunter\AppData\Roaming\MiKTeX\2.9\tex\latex\beamer\beamerbaseframecom
ponents.sty
\beamer@footins=\box44
)
(C:\Users\Hunter\AppData\Roaming\MiKTeX\2.9\tex\latex\beamer\beamerbasecolor.st
y
\beamer@bg@ht=\dimen170
\beamer@bg@wd=\dimen171
\beamer@bg@dp=\dimen172
)
(C:\Users\Hunter\AppData\Roaming\MiKTeX\2.9\tex\latex\beamer\beamerbasenotes.st
y
\beamer@frameboxcopy=\box45
)
(C:\Users\Hunter\AppData\Roaming\MiKTeX\2.9\tex\latex\beamer\beamerbasetoc.sty)

(C:\Users\Hunter\AppData\Roaming\MiKTeX\2.9\tex\latex\beamer\beamerbasetemplate
s.sty
\beamer@sbttoks=\toks30

(C:\Users\Hunter\AppData\Roaming\MiKTeX\2.9\tex\latex\beamer\beamerbaseauxtempl
ates.sty
(C:\Users\Hunter\AppData\Roaming\MiKTeX\2.9\tex\latex\beamer\beamerbaseboxes.st
y
\bmb@box=\box46
\bmb@colorbox=\box47
\bmb@boxshadow=\box48
\bmb@boxshadowball=\box49
\bmb@boxshadowballlarge=\box50
\bmb@temp=\dimen173
\bmb@dima=\dimen174
\bmb@dimb=\dimen175
\bmb@prevheight=\dimen176
)
\beamer@blockheadheight=\dimen177
))
(C:\Users\Hunter\AppData\Roaming\MiKTeX\2.9\tex\latex\beamer\beamerbaselocalstr
ucture.sty ("F:\Program Files\MiKTeX 2.9\tex\latex\tools\enumerate.sty"
Package: enumerate 2015/07/23 v3.00 enumerate extensions (DPC)
\@enLab=\toks31
)
\c@figure=\count139
\c@table=\count140
\abovecaptionskip=\skip49
\belowcaptionskip=\skip50
)
(C:\Users\Hunter\AppData\Roaming\MiKTeX\2.9\tex\latex\beamer\beamerbasenavigati
on.sty
\beamer@section@min@dim=\dimen178
)
(C:\Users\Hunter\AppData\Roaming\MiKTeX\2.9\tex\latex\beamer\beamerbasetheorems
.sty ("F:\Program Files\MiKTeX 2.9\tex\latex\amsmath\amsmath.sty"
Package: amsmath 2017/09/02 v2.17a AMS math features
\@mathmargin=\skip51

For additional information on amsmath, use the `?' option.
("F:\Program Files\MiKTeX 2.9\tex\latex\amsmath\amstext.sty"
Package: amstext 2000/06/29 v2.01 AMS text

("F:\Program Files\MiKTeX 2.9\tex\latex\amsmath\amsgen.sty"
File: amsgen.sty 1999/11/30 v2.0 generic functions
\@emptytoks=\toks32
\ex@=\dimen179
))
("F:\Program Files\MiKTeX 2.9\tex\latex\amsmath\amsbsy.sty"
Package: amsbsy 1999/11/29 v1.2d Bold Symbols
\pmbraise@=\dimen180
)
("F:\Program Files\MiKTeX 2.9\tex\latex\amsmath\amsopn.sty"
Package: amsopn 2016/03/08 v2.02 operator names
)
\inf@bad=\count141
LaTeX Info: Redefining \frac on input line 213.
\uproot@=\count142
\leftroot@=\count143
LaTeX Info: Redefining \overline on input line 375.
\classnum@=\count144
\DOTSCASE@=\count145
LaTeX Info: Redefining \ldots on input line 472.
LaTeX Info: Redefining \dots on input line 475.
LaTeX Info: Redefining \cdots on input line 596.
\Mathstrutbox@=\box51
\strutbox@=\box52
\big@size=\dimen181
LaTeX Font Info:    Redeclaring font encoding OML on input line 712.
LaTeX Font Info:    Redeclaring font encoding OMS on input line 713.
\macc@depth=\count146
\c@MaxMatrixCols=\count147
\dotsspace@=\muskip11
\c@parentequation=\count148
\dspbrk@lvl=\count149
\tag@help=\toks33
\row@=\count150
\column@=\count151
\maxfields@=\count152
\andhelp@=\toks34
\eqnshift@=\dimen182
\alignsep@=\dimen183
\tagshift@=\dimen184
\tagwidth@=\dimen185
\totwidth@=\dimen186
\lineht@=\dimen187
\@envbody=\toks35
\multlinegap=\skip52
\multlinetaggap=\skip53
\mathdisplay@stack=\toks36
LaTeX Info: Redefining \[ on input line 2817.
LaTeX Info: Redefining \] on input line 2818.
)
("F:\Program Files\MiKTeX 2.9\tex\latex\amscls\amsthm.sty"
Package: amsthm 2015/03/04 v2.20.2
\thm@style=\toks37
\thm@bodyfont=\toks38
\thm@headfont=\toks39
\thm@notefont=\toks40
\thm@headpunct=\toks41
\thm@preskip=\skip54
\thm@postskip=\skip55
\thm@headsep=\skip56
\dth@everypar=\toks42
)
\c@theorem=\count153
)
(C:\Users\Hunter\AppData\Roaming\MiKTeX\2.9\tex\latex\beamer\beamerbasethemes.s
ty))
(C:\Users\Hunter\AppData\Roaming\MiKTeX\2.9\tex\latex\beamer\beamerthemedefault
.sty
(C:\Users\Hunter\AppData\Roaming\MiKTeX\2.9\tex\latex\beamer\beamerfontthemedef
ault.sty)
(C:\Users\Hunter\AppData\Roaming\MiKTeX\2.9\tex\latex\beamer\beamercolorthemede
fault.sty)
(C:\Users\Hunter\AppData\Roaming\MiKTeX\2.9\tex\latex\beamer\beamerinnerthemede
fault.sty
\beamer@dima=\dimen188
\beamer@dimb=\dimen189
)
(C:\Users\Hunter\AppData\Roaming\MiKTeX\2.9\tex\latex\beamer\beamerouterthemede
fault.sty)))
(C:\Users\Hunter\AppData\Roaming\MiKTeX\2.9\tex\latex\beamer\beamerthemesplit.s
ty
(C:\Users\Hunter\AppData\Roaming\MiKTeX\2.9\tex\latex\beamer\beamercolorthemewh
ale.sty)
(C:\Users\Hunter\AppData\Roaming\MiKTeX\2.9\tex\latex\beamer\beamerouterthemesp
lit.sty)
(C:\Users\Hunter\AppData\Roaming\MiKTeX\2.9\tex\latex\beamer\beamerfontthemestr
ucturebold.sty))
(C:\Users\Hunter\AppData\Roaming\MiKTeX\2.9\tex\latex\beamer\beamerthemeCambrid
geUS.sty
(C:\Users\Hunter\AppData\Roaming\MiKTeX\2.9\tex\latex\beamer\beamerinnerthemero
unded.sty)
(C:\Users\Hunter\AppData\Roaming\MiKTeX\2.9\tex\latex\beamer\beamerouterthemein
folines.sty)
(C:\Users\Hunter\AppData\Roaming\MiKTeX\2.9\tex\latex\beamer\beamercolorthemebe
aver.sty)) ("F:\Program Files\MiKTeX 2.9\tex\latex\oberdiek\epstopdf.sty"
Package: epstopdf 2016/05/15 v2.6 Conversion with epstopdf on the fly (HO)

("F:\Program Files\MiKTeX 2.9\tex\latex\oberdiek\epstopdf-base.sty"
Package: epstopdf-base 2016/05/15 v2.6 Base part for package epstopdf

("F:\Program Files\MiKTeX 2.9\tex\latex\oberdiek\grfext.sty"
Package: grfext 2016/05/16 v1.2 Manage graphics extensions (HO)
)
Package epstopdf-base Info: Redefining graphics rule for `.eps' on input line 4
38.
Package grfext Info: Graphics extension search list:
(grfext)             [.pdf,.png,.jpg,.mps,.jpeg,.jbig2,.jb2,.PDF,.PNG,.JPG,.JPE
G,.JBIG2,.JB2,.eps]
(grfext)             \AppendGraphicsExtensions on input line 456.
))
(C:\Users\Hunter\AppData\Roaming\MiKTeX\2.9\tex\latex\setspace\setspace.sty
Package: setspace 2011/12/19 v6.7a set line spacing
)
(C:\Users\Hunter\AppData\Roaming\MiKTeX\2.9\tex\latex\comment\comment.sty
\CommentStream=\write5

Excluding comment 'comment')
Package hyperref Info: Option `colorlinks' set `true' on input line 58.
 (Glanz-JSM2019.aux)
\openout1 = `Glanz-JSM2019.aux'.

LaTeX Font Info:    Checking defaults for OML/cmm/m/it on input line 82.
LaTeX Font Info:    ... okay on input line 82.
LaTeX Font Info:    Checking defaults for T1/cmr/m/n on input line 82.
LaTeX Font Info:    ... okay on input line 82.
LaTeX Font Info:    Checking defaults for OT1/cmr/m/n on input line 82.
LaTeX Font Info:    ... okay on input line 82.
LaTeX Font Info:    Checking defaults for OMS/cmsy/m/n on input line 82.
LaTeX Font Info:    ... okay on input line 82.
LaTeX Font Info:    Checking defaults for OMX/cmex/m/n on input line 82.
LaTeX Font Info:    ... okay on input line 82.
LaTeX Font Info:    Checking defaults for U/cmr/m/n on input line 82.
LaTeX Font Info:    ... okay on input line 82.
LaTeX Font Info:    Checking defaults for PD1/pdf/m/n on input line 82.
LaTeX Font Info:    ... okay on input line 82.

*geometry* driver: auto-detecting
*geometry* detected driver: pdftex
*geometry* verbose mode - [ preamble ] result:
* driver: pdftex
* paper: custom
* layout: <same size as paper>
* layoutoffset:(h,v)=(0.0pt,0.0pt)
* modes: includehead includefoot 
* h-part:(L,W,R)=(10.95003pt, 342.2953pt, 10.95003pt)
* v-part:(T,H,B)=(0.0pt, 273.14662pt, 0.0pt)
* \paperwidth=364.19536pt
* \paperheight=273.14662pt
* \textwidth=342.2953pt
* \textheight=244.6939pt
* \oddsidemargin=-61.31996pt
* \evensidemargin=-61.31996pt
* \topmargin=-72.26999pt
* \headheight=14.22636pt
* \headsep=0.0pt
* \topskip=11.0pt
* \footskip=14.22636pt
* \marginparwidth=4.0pt
* \marginparsep=10.0pt
* \columnsep=10.0pt
* \skip\footins=10.0pt plus 4.0pt minus 2.0pt
* \hoffset=0.0pt
* \voffset=0.0pt
* \mag=1000
* \@twocolumnfalse
* \@twosidefalse
* \@mparswitchfalse
* \@reversemarginfalse
* (1in=72.27pt=25.4mm, 1cm=28.453pt)

(C:\Users\Hunter\AppData\Roaming\MiKTeX\2.9\tex\context\base\supp-pdf.mkii
[Loading MPS to PDF converter (version 2006.09.02).]
\scratchcounter=\count154
\scratchdimen=\dimen190
\scratchbox=\box53
\nofMPsegments=\count155
\nofMParguments=\count156
\everyMPshowfont=\toks43
\MPscratchCnt=\count157
\MPscratchDim=\dimen191
\MPnumerator=\count158
\makeMPintoPDFobject=\count159
\everyMPtoPDFconversion=\toks44
) ABD: EveryShipout initializing macros
\AtBeginShipoutBox=\box54
Package hyperref Info: Link coloring ON on input line 82.

("F:\Program Files\MiKTeX 2.9\tex\latex\hyperref\nameref.sty"
Package: nameref 2016/05/21 v2.44 Cross-referencing by name of section

("F:\Program Files\MiKTeX 2.9\tex\generic\oberdiek\gettitlestring.sty"
Package: gettitlestring 2016/05/16 v1.5 Cleanup title references (HO)
)
\c@section@level=\count160
)
LaTeX Info: Redefining \ref on input line 82.
LaTeX Info: Redefining \pageref on input line 82.
LaTeX Info: Redefining \nameref on input line 82.

(Glanz-JSM2019.out) (Glanz-JSM2019.out)
\@outlinefile=\write6
\openout6 = `Glanz-JSM2019.out'.

LaTeX Font Info:    Overwriting symbol font `operators' in version `normal'
(Font)                  OT1/cmr/m/n --> OT1/cmss/m/n on input line 82.
LaTeX Font Info:    Overwriting symbol font `operators' in version `bold'
(Font)                  OT1/cmr/bx/n --> OT1/cmss/bx/n on input line 82.
\symnumbers=\mathgroup6
\sympureletters=\mathgroup7
LaTeX Font Info:    Overwriting math alphabet `\mathrm' in version `normal'
(Font)                  OT1/cmss/m/n --> OT1/cmr/m/n on input line 82.
LaTeX Font Info:    Redeclaring math alphabet \mathbf on input line 82.
LaTeX Font Info:    Overwriting math alphabet `\mathbf' in version `normal'
(Font)                  OT1/cmr/bx/n --> OT1/cmss/bx/n on input line 82.
LaTeX Font Info:    Overwriting math alphabet `\mathbf' in version `bold'
(Font)                  OT1/cmr/bx/n --> OT1/cmss/bx/n on input line 82.
LaTeX Font Info:    Redeclaring math alphabet \mathsf on input line 82.
LaTeX Font Info:    Overwriting math alphabet `\mathsf' in version `normal'
(Font)                  OT1/cmss/m/n --> OT1/cmss/m/n on input line 82.
LaTeX Font Info:    Overwriting math alphabet `\mathsf' in version `bold'
(Font)                  OT1/cmss/bx/n --> OT1/cmss/m/n on input line 82.
LaTeX Font Info:    Redeclaring math alphabet \mathit on input line 82.
LaTeX Font Info:    Overwriting math alphabet `\mathit' in version `normal'
(Font)                  OT1/cmr/m/it --> OT1/cmss/m/it on input line 82.
LaTeX Font Info:    Overwriting math alphabet `\mathit' in version `bold'
(Font)                  OT1/cmr/bx/it --> OT1/cmss/m/it on input line 82.
LaTeX Font Info:    Redeclaring math alphabet \mathtt on input line 82.
LaTeX Font Info:    Overwriting math alphabet `\mathtt' in version `normal'
(Font)                  OT1/cmtt/m/n --> OT1/cmtt/m/n on input line 82.
LaTeX Font Info:    Overwriting math alphabet `\mathtt' in version `bold'
(Font)                  OT1/cmtt/m/n --> OT1/cmtt/m/n on input line 82.
LaTeX Font Info:    Overwriting symbol font `numbers' in version `bold'
(Font)                  OT1/cmss/m/n --> OT1/cmss/bx/n on input line 82.
LaTeX Font Info:    Overwriting symbol font `pureletters' in version `bold'
(Font)                  OT1/cmss/m/it --> OT1/cmss/bx/it on input line 82.
LaTeX Font Info:    Overwriting math alphabet `\mathrm' in version `bold'
(Font)                  OT1/cmss/bx/n --> OT1/cmr/bx/n on input line 82.
LaTeX Font Info:    Overwriting math alphabet `\mathbf' in version `bold'
(Font)                  OT1/cmss/bx/n --> OT1/cmss/bx/n on input line 82.
LaTeX Font Info:    Overwriting math alphabet `\mathsf' in version `bold'
(Font)                  OT1/cmss/m/n --> OT1/cmss/bx/n on input line 82.
LaTeX Font Info:    Overwriting math alphabet `\mathit' in version `bold'
(Font)                  OT1/cmss/m/it --> OT1/cmss/bx/it on input line 82.
LaTeX Font Info:    Overwriting math alphabet `\mathtt' in version `bold'
(Font)                  OT1/cmtt/m/n --> OT1/cmtt/bx/n on input line 82.
LaTeX Font Info:    Redeclaring symbol font `pureletters' on input line 82.
LaTeX Font Info:    Overwriting symbol font `pureletters' in version `normal'
(Font)                  OT1/cmss/m/it --> OT1/mathkerncmss/m/sl on input line 8
2.
LaTeX Font Info:    Overwriting symbol font `pureletters' in version `bold'
(Font)                  OT1/cmss/bx/it --> OT1/mathkerncmss/m/sl on input line 
82.
LaTeX Font Info:    Overwriting symbol font `pureletters' in version `bold'
(Font)                  OT1/mathkerncmss/m/sl --> OT1/mathkerncmss/bx/sl on inp
ut line 82.

(C:\Users\Hunter\AppData\Roaming\MiKTeX\2.9\tex\latex\translator\translator-bas
ic-dictionary-English.dict
Dictionary: translator-basic-dictionary, Language: English 
)
(C:\Users\Hunter\AppData\Roaming\MiKTeX\2.9\tex\latex\translator\translator-bib
liography-dictionary-English.dict
Dictionary: translator-bibliography-dictionary, Language: English 
)
(C:\Users\Hunter\AppData\Roaming\MiKTeX\2.9\tex\latex\translator\translator-env
ironment-dictionary-English.dict
Dictionary: translator-environment-dictionary, Language: English 
)
(C:\Users\Hunter\AppData\Roaming\MiKTeX\2.9\tex\latex\translator\translator-mon
ths-dictionary-English.dict
Dictionary: translator-months-dictionary, Language: English 
)
(C:\Users\Hunter\AppData\Roaming\MiKTeX\2.9\tex\latex\translator\translator-num
bers-dictionary-English.dict
Dictionary: translator-numbers-dictionary, Language: English 
)
(C:\Users\Hunter\AppData\Roaming\MiKTeX\2.9\tex\latex\translator\translator-the
orem-dictionary-English.dict
Dictionary: translator-theorem-dictionary, Language: English 
) (Glanz-JSM2019.nav)
<1024px-CalPoly_Seal.png, id=31, 1027.84pt x 1027.84pt>
File: 1024px-CalPoly_Seal.png Graphic file (type png)
<use 1024px-CalPoly_Seal.png>
Package pdftex.def Info: 1024px-CalPoly_Seal.png  used on input line 83. on inp
ut line 83.
Package pdftex.def Info: Requested size: 35.55461pt x 35.56593pt on input line 
83.
 [1

{C:/Users/Hunter/AppData/Local/MiKTeX/2.9/pdftex/config/pdftex.map} <./1024px-C
alPoly_Seal.png>]
(Glanz-JSM2019.toc)
File: 1024px-CalPoly_Seal.png Graphic file (type png)
<use 1024px-CalPoly_Seal.png>
Package pdftex.def Info: 1024px-CalPoly_Seal.png  used on input line 88. on inp
ut line 88.
Package pdftex.def Info: Requested size: 35.55461pt x 35.56593pt on input line 
88.
 [2

]
File: 1024px-CalPoly_Seal.png Graphic file (type png)
<use 1024px-CalPoly_Seal.png>
Package pdftex.def Info: 1024px-CalPoly_Seal.png  used on input line 99. on inp
ut line 99.
Package pdftex.def Info: Requested size: 35.55461pt x 35.56593pt on input line 
99.
 [3

]
File: 1024px-CalPoly_Seal.png Graphic file (type png)
<use 1024px-CalPoly_Seal.png>
Package pdftex.def Info: 1024px-CalPoly_Seal.png  used on input line 99. on inp
ut line 99.
Package pdftex.def Info: Requested size: 35.55461pt x 35.56593pt on input line 
99.
 [4

]
File: 1024px-CalPoly_Seal.png Graphic file (type png)
<use 1024px-CalPoly_Seal.png>
Package pdftex.def Info: 1024px-CalPoly_Seal.png  used on input line 99. on inp
ut line 99.
Package pdftex.def Info: Requested size: 35.55461pt x 35.56593pt on input line 
99.
 [5

] (Glanz-JSM2019.toc)
File: 1024px-CalPoly_Seal.png Graphic file (type png)
<use 1024px-CalPoly_Seal.png>
Package pdftex.def Info: 1024px-CalPoly_Seal.png  used on input line 106. on in
put line 106.
Package pdftex.def Info: Requested size: 35.55461pt x 35.56593pt on input line 
106.
 [6

]
<CP-STAT-minorform.PNG, id=213, 531.48563pt x 334.24875pt>
File: CP-STAT-minorform.PNG Graphic file (type png)
<use CP-STAT-minorform.PNG>
Package pdftex.def Info: CP-STAT-minorform.PNG  used on input line 123. on inpu
t line 123.
Package pdftex.def Info: Requested size: 154.03183pt x 96.86844pt on input line
 123.
<CP-STAT-majorform.PNG, id=214, 262.73157pt x 499.11469pt>
File: CP-STAT-majorform.PNG Graphic file (type png)
<use CP-STAT-majorform.PNG>
Package pdftex.def Info: CP-STAT-majorform.PNG  used on input line 123. on inpu
t line 123.
Package pdftex.def Info: Requested size: 100.11974pt x 190.19865pt on input lin
e 123.

Overfull \vbox (7.14046pt too high) detected at line 123
 []

File: 1024px-CalPoly_Seal.png Graphic file (type png)
<use 1024px-CalPoly_Seal.png>
Package pdftex.def Info: 1024px-CalPoly_Seal.png  used on input line 123. on in
put line 123.
Package pdftex.def Info: Requested size: 35.55461pt x 35.56593pt on input line 
123.
[7

 <./CP-STAT-minorform.PNG> <./CP-STAT-majorform.PNG>]
File: 1024px-CalPoly_Seal.png Graphic file (type png)
<use 1024px-CalPoly_Seal.png>
Package pdftex.def Info: 1024px-CalPoly_Seal.png  used on input line 148. on in
put line 148.
Package pdftex.def Info: Requested size: 35.55461pt x 35.56593pt on input line 
148.
 [8

]
File: 1024px-CalPoly_Seal.png Graphic file (type png)
<use 1024px-CalPoly_Seal.png>
Package pdftex.def Info: 1024px-CalPoly_Seal.png  used on input line 148. on in
put line 148.
Package pdftex.def Info: Requested size: 35.55461pt x 35.56593pt on input line 
148.
 [9

]
File: 1024px-CalPoly_Seal.png Graphic file (type png)
<use 1024px-CalPoly_Seal.png>
Package pdftex.def Info: 1024px-CalPoly_Seal.png  used on input line 148. on in
put line 148.
Package pdftex.def Info: Requested size: 35.55461pt x 35.56593pt on input line 
148.
 [10

]
File: 1024px-CalPoly_Seal.png Graphic file (type png)
<use 1024px-CalPoly_Seal.png>
Package pdftex.def Info: 1024px-CalPoly_Seal.png  used on input line 148. on in
put line 148.
Package pdftex.def Info: Requested size: 35.55461pt x 35.56593pt on input line 
148.
 [11

]
File: 1024px-CalPoly_Seal.png Graphic file (type png)
<use 1024px-CalPoly_Seal.png>
Package pdftex.def Info: 1024px-CalPoly_Seal.png  used on input line 148. on in
put line 148.
Package pdftex.def Info: Requested size: 35.55461pt x 35.56593pt on input line 
148.

[12

]
File: 1024px-CalPoly_Seal.png Graphic file (type png)
<use 1024px-CalPoly_Seal.png>
Package pdftex.def Info: 1024px-CalPoly_Seal.png  used on input line 148. on in
put line 148.
Package pdftex.def Info: Requested size: 35.55461pt x 35.56593pt on input line 
148.
 [13

]
<CP-DS-CDSM-form.png, id=421, 543.53062pt x 579.66562pt>
File: CP-DS-CDSM-form.png Graphic file (type png)
<use CP-DS-CDSM-form.png>
Package pdftex.def Info: CP-DS-CDSM-form.png  used on input line 156. on input 
line 156.
Package pdftex.def Info: Requested size: 198.7425pt x 211.9521pt on input line 
156.

Overfull \vbox (6.56473pt too high) detected at line 156
 []

File: 1024px-CalPoly_Seal.png Graphic file (type png)
<use 1024px-CalPoly_Seal.png>
Package pdftex.def Info: 1024px-CalPoly_Seal.png  used on input line 156. on in
put line 156.
Package pdftex.def Info: Requested size: 35.55461pt x 35.56593pt on input line 
156.
[14

 <./CP-DS-CDSM-form.png>] (Glanz-JSM2019.toc)
File: 1024px-CalPoly_Seal.png Graphic file (type png)
<use 1024px-CalPoly_Seal.png>
Package pdftex.def Info: 1024px-CalPoly_Seal.png  used on input line 164. on in
put line 164.
Package pdftex.def Info: Requested size: 35.55461pt x 35.56593pt on input line 
164.
 [15

]
File: 1024px-CalPoly_Seal.png Graphic file (type png)
<use 1024px-CalPoly_Seal.png>
Package pdftex.def Info: 1024px-CalPoly_Seal.png  used on input line 176. on in
put line 176.
Package pdftex.def Info: Requested size: 35.55461pt x 35.56593pt on input line 
176.
 [16

]
File: 1024px-CalPoly_Seal.png Graphic file (type png)
<use 1024px-CalPoly_Seal.png>
Package pdftex.def Info: 1024px-CalPoly_Seal.png  used on input line 176. on in
put line 176.
Package pdftex.def Info: Requested size: 35.55461pt x 35.56593pt on input line 
176.
 [17

]
File: 1024px-CalPoly_Seal.png Graphic file (type png)
<use 1024px-CalPoly_Seal.png>
Package pdftex.def Info: 1024px-CalPoly_Seal.png  used on input line 176. on in
put line 176.
Package pdftex.def Info: Requested size: 35.55461pt x 35.56593pt on input line 
176.
 [18

]
File: 1024px-CalPoly_Seal.png Graphic file (type png)
<use 1024px-CalPoly_Seal.png>
Package pdftex.def Info: 1024px-CalPoly_Seal.png  used on input line 176. on in
put line 176.
Package pdftex.def Info: Requested size: 35.55461pt x 35.56593pt on input line 
176.
 [19

]
File: 1024px-CalPoly_Seal.png Graphic file (type png)
<use 1024px-CalPoly_Seal.png>
Package pdftex.def Info: 1024px-CalPoly_Seal.png  used on input line 195. on in
put line 195.
Package pdftex.def Info: Requested size: 35.55461pt x 35.56593pt on input line 
195.

[20

]
File: 1024px-CalPoly_Seal.png Graphic file (type png)
<use 1024px-CalPoly_Seal.png>
Package pdftex.def Info: 1024px-CalPoly_Seal.png  used on input line 195. on in
put line 195.
Package pdftex.def Info: Requested size: 35.55461pt x 35.56593pt on input line 
195.
 [21

]
File: 1024px-CalPoly_Seal.png Graphic file (type png)
<use 1024px-CalPoly_Seal.png>
Package pdftex.def Info: 1024px-CalPoly_Seal.png  used on input line 195. on in
put line 195.
Package pdftex.def Info: Requested size: 35.55461pt x 35.56593pt on input line 
195.
 [22

]
File: 1024px-CalPoly_Seal.png Graphic file (type png)
<use 1024px-CalPoly_Seal.png>
Package pdftex.def Info: 1024px-CalPoly_Seal.png  used on input line 195. on in
put line 195.
Package pdftex.def Info: Requested size: 35.55461pt x 35.56593pt on input line 
195.
 [23

]
File: 1024px-CalPoly_Seal.png Graphic file (type png)
<use 1024px-CalPoly_Seal.png>
Package pdftex.def Info: 1024px-CalPoly_Seal.png  used on input line 215. on in
put line 215.
Package pdftex.def Info: Requested size: 35.55461pt x 35.56593pt on input line 
215.
 [24

]
File: 1024px-CalPoly_Seal.png Graphic file (type png)
<use 1024px-CalPoly_Seal.png>
Package pdftex.def Info: 1024px-CalPoly_Seal.png  used on input line 215. on in
put line 215.
Package pdftex.def Info: Requested size: 35.55461pt x 35.56593pt on input line 
215.
 [25

]
File: 1024px-CalPoly_Seal.png Graphic file (type png)
<use 1024px-CalPoly_Seal.png>
Package pdftex.def Info: 1024px-CalPoly_Seal.png  used on input line 215. on in
put line 215.
Package pdftex.def Info: Requested size: 35.55461pt x 35.56593pt on input line 
215.
 [26

]
File: 1024px-CalPoly_Seal.png Graphic file (type png)
<use 1024px-CalPoly_Seal.png>
Package pdftex.def Info: 1024px-CalPoly_Seal.png  used on input line 243. on in
put line 243.
Package pdftex.def Info: Requested size: 35.55461pt x 35.56593pt on input line 
243.
 [27

]
File: 1024px-CalPoly_Seal.png Graphic file (type png)
<use 1024px-CalPoly_Seal.png>
Package pdftex.def Info: 1024px-CalPoly_Seal.png  used on input line 243. on in
put line 243.
Package pdftex.def Info: Requested size: 35.55461pt x 35.56593pt on input line 
243.
 [28

]
File: 1024px-CalPoly_Seal.png Graphic file (type png)
<use 1024px-CalPoly_Seal.png>
Package pdftex.def Info: 1024px-CalPoly_Seal.png  used on input line 243. on in
put line 243.
Package pdftex.def Info: Requested size: 35.55461pt x 35.56593pt on input line 
243.
 [29

]
File: 1024px-CalPoly_Seal.png Graphic file (type png)
<use 1024px-CalPoly_Seal.png>
Package pdftex.def Info: 1024px-CalPoly_Seal.png  used on input line 243. on in
put line 243.
Package pdftex.def Info: Requested size: 35.55461pt x 35.56593pt on input line 
243.
 [30

]
File: 1024px-CalPoly_Seal.png Graphic file (type png)
<use 1024px-CalPoly_Seal.png>
Package pdftex.def Info: 1024px-CalPoly_Seal.png  used on input line 243. on in
put line 243.
Package pdftex.def Info: Requested size: 35.55461pt x 35.56593pt on input line 
243.
 [31

]
<HSmith_ASCCR_paper.png, id=915, 491.58656pt x 206.27063pt>
File: HSmith_ASCCR_paper.png Graphic file (type png)
<use HSmith_ASCCR_paper.png>
Package pdftex.def Info: HSmith_ASCCR_paper.png  used on input line 257. on inp
ut line 257.
Package pdftex.def Info: Requested size: 188.26346pt x 78.99425pt on input line
 257.
<STAT465book.jpg, id=916, 230.8625pt x 303.1325pt>
File: STAT465book.jpg Graphic file (type jpg)
<use STAT465book.jpg>
Package pdftex.def Info: STAT465book.jpg  used on input line 257. on input line
 257.
Package pdftex.def Info: Requested size: 68.45801pt x 89.88585pt on input line 
257.
<DougZahnbook.jpg, id=917, 910.40125pt x 1365.1pt>
File: DougZahnbook.jpg Graphic file (type jpg)
<use DougZahnbook.jpg>
Package pdftex.def Info: DougZahnbook.jpg  used on input line 257. on input lin
e 257.
Package pdftex.def Info: Requested size: 68.45801pt x 102.64886pt on input line
 257.

Overfull \vbox (2.09323pt too high) detected at line 257
 []

File: 1024px-CalPoly_Seal.png Graphic file (type png)
<use 1024px-CalPoly_Seal.png>
Package pdftex.def Info: 1024px-CalPoly_Seal.png  used on input line 257. on in
put line 257.
Package pdftex.def Info: Requested size: 35.55461pt x 35.56593pt on input line 
257.
[32

 <./HSmith_ASCCR_paper.png> <./STAT465book.jpg> <./DougZahnbook.jpg>]
<styleandgrace_book.jpg, id=946, 208.78pt x 321.2pt>
File: styleandgrace_book.jpg Graphic file (type jpg)
<use styleandgrace_book.jpg>
Package pdftex.def Info: styleandgrace_book.jpg  used on input line 269. on inp
ut line 269.
Package pdftex.def Info: Requested size: 85.57382pt x 131.65364pt on input line
 269.
File: 1024px-CalPoly_Seal.png Graphic file (type png)
<use 1024px-CalPoly_Seal.png>
Package pdftex.def Info: 1024px-CalPoly_Seal.png  used on input line 269. on in
put line 269.
Package pdftex.def Info: Requested size: 35.55461pt x 35.56593pt on input line 
269.

[33

 <./styleandgrace_book.jpg>]
File: styleandgrace_book.jpg Graphic file (type jpg)
<use styleandgrace_book.jpg>
Package pdftex.def Info: styleandgrace_book.jpg  used on input line 269. on inp
ut line 269.
Package pdftex.def Info: Requested size: 85.57382pt x 131.65364pt on input line
 269.
File: 1024px-CalPoly_Seal.png Graphic file (type png)
<use 1024px-CalPoly_Seal.png>
Package pdftex.def Info: 1024px-CalPoly_Seal.png  used on input line 269. on in
put line 269.
Package pdftex.def Info: Requested size: 35.55461pt x 35.56593pt on input line 
269.
 [34

]
File: 1024px-CalPoly_Seal.png Graphic file (type png)
<use 1024px-CalPoly_Seal.png>
Package pdftex.def Info: 1024px-CalPoly_Seal.png  used on input line 283. on in
put line 283.
Package pdftex.def Info: Requested size: 35.55461pt x 35.56593pt on input line 
283.
 [35

]
File: 1024px-CalPoly_Seal.png Graphic file (type png)
<use 1024px-CalPoly_Seal.png>
Package pdftex.def Info: 1024px-CalPoly_Seal.png  used on input line 283. on in
put line 283.
Package pdftex.def Info: Requested size: 35.55461pt x 35.56593pt on input line 
283.
 [36

]
File: 1024px-CalPoly_Seal.png Graphic file (type png)
<use 1024px-CalPoly_Seal.png>
Package pdftex.def Info: 1024px-CalPoly_Seal.png  used on input line 283. on in
put line 283.
Package pdftex.def Info: Requested size: 35.55461pt x 35.56593pt on input line 
283.
 [37

]
<lastslide_survey.png, id=1080, 808.52063pt x 377.15906pt>
File: lastslide_survey.png Graphic file (type png)
<use lastslide_survey.png>
Package pdftex.def Info: lastslide_survey.png  used on input line 293. on input
 line 293.
Package pdftex.def Info: Requested size: 289.07999pt x 134.8506pt on input line
 293.
File: 1024px-CalPoly_Seal.png Graphic file (type png)
<use 1024px-CalPoly_Seal.png>
Package pdftex.def Info: 1024px-CalPoly_Seal.png  used on input line 293. on in
put line 293.
Package pdftex.def Info: Requested size: 35.55461pt x 35.56593pt on input line 
293.
 [38

 <./lastslide_survey.png>]
\tf@nav=\write7
\openout7 = `Glanz-JSM2019.nav'.

\tf@toc=\write8
\openout8 = `Glanz-JSM2019.toc'.

\tf@snm=\write9
\openout9 = `Glanz-JSM2019.snm'.

Package atveryend Info: Empty hook `BeforeClearDocument' on input line 296.
Package atveryend Info: Empty hook `AfterLastShipout' on input line 296.
 (Glanz-JSM2019.aux)
Package atveryend Info: Executing hook `AtVeryEndDocument' on input line 296.
Package atveryend Info: Executing hook `AtEndAfterFileList' on input line 296.
Package rerunfilecheck Info: File `Glanz-JSM2019.out' has not changed.
(rerunfilecheck)             Checksum: 90E89925202000D6E88D5A58BCF90156;172.
 ) 
Here is how much of TeX's memory you used:
 17322 strings out of 493312
 334846 string characters out of 3138895
 403606 words of memory out of 3000000
 20386 multiletter control sequences out of 15000+200000
 6639 words of font info for 24 fonts, out of 3000000 for 9000
 1141 hyphenation exceptions out of 8191
 56i,15n,67p,782b,688s stack positions out of 5000i,500n,10000p,200000b,50000s
<F:/Program Files/MiKTeX 2.9/fonts/type1/public/amsfonts/cm/cmss10.pfb><F:/Pr
ogram Files/MiKTeX 2.9/fonts/type1/public/amsfonts/cm/cmss12.pfb><F:/Program Fi
les/MiKTeX 2.9/fonts/type1/public/amsfonts/cm/cmss8.pfb><F:/Program Files/MiKTe
X 2.9/fonts/type1/public/amsfonts/cm/cmssbx10.pfb>
Output written on Glanz-JSM2019.pdf (38 pages, 986985 bytes).
PDF statistics:
 1145 PDF objects out of 1200 (max. 8388607)
 80 named destinations out of 1000 (max. 500000)
 154 words of extra memory for PDF output out of 10000 (max. 10000000)

